<?xml version="1.0" encoding="utf-8" standalone="no"?>
<!--This file represents the results of running a test suite-->
<test-results name="C:\Users\admin\Documents\GitHub\eid\eid-test\genIns.nunit" total="1" errors="0" failures="0" not-run="0" inconclusive="0" ignored="0" skipped="0" invalid="0" date="2014-04-12" time="12:57:27">
  <environment nunit-version="2.6.3.13283" clr-version="2.0.50727.8000" os-version="Microsoft Windows NT 6.2.9200.0" platform="Win32NT" cwd="C:\Users\admin\Documents\GitHub\eid\eid-test" machine-name="EGELKE-SUPER" user="admin" user-domain="EGELKE-SUPER" />
  <culture-info current-culture="nl-BE" current-uiculture="en-US" />
  <test-suite type="Project" name="C:\Users\admin\Documents\GitHub\eid\eid-test\genIns.nunit" executed="True" result="Success" success="True" time="3.453" asserts="0">
    <results>
      <test-suite type="Assembly" name="C:\Users\admin\Documents\GitHub\eid\eid-test\bin\Debug\Egelke.Eid.Client.Test.dll" executed="True" result="Success" success="True" time="3.435" asserts="0">
        <results>
          <test-suite type="Namespace" name="Egelke" executed="True" result="Success" success="True" time="3.435" asserts="0">
            <results>
              <test-suite type="Namespace" name="Eid" executed="True" result="Success" success="True" time="3.434" asserts="0">
                <results>
                  <test-suite type="Namespace" name="Client" executed="True" result="Success" success="True" time="3.434" asserts="0">
                    <results>
                      <test-suite type="Namespace" name="Test" executed="True" result="Success" success="True" time="3.434" asserts="0">
                        <results>
                          <test-suite type="TestFixture" name="EidWrapperTest" executed="True" result="Success" success="True" time="3.430" asserts="0">
                            <results>
                              <test-case name="Egelke.Eid.Client.Test.EidWrapperTest.ReadCertificates" executed="True" result="Success" success="True" time="3.406" asserts="5" />
                            </results>
                          </test-suite>
                        </results>
                      </test-suite>
                    </results>
                  </test-suite>
                </results>
              </test-suite>
            </results>
          </test-suite>
        </results>
      </test-suite>
    </results>
  </test-suite>
</test-results>